марфушечка
чмоки
;)
хуя
;)
=))
;)
да бывает
я тоже иногда хочу вернуца в те времена
в года в 2004-2005
))))
вот такие были времена
ух)
помню в алтуфьево ездила водку пить
ггггггггггггггггггг
в 15 лет
ппц)
жесть
;)))
угу
;)
ггг
да там все алкаши
реально говорю чуть ли не каждые выходные я ездила туда
водку пить
ггггг
там вобще ниче не пили тогда ни коктейли ни пиво
только водку
)
так что да, жестокий район
гггг
вот туда я бы точно не хотела бы вернутся
;)
;)
))))
алкашей много
ггг
Only, схуяли тебя не будет?
;)
)
гниды конченые
;)
;Ь
че
)
мля
;)))
где ты видишь что я злая?
;)
я глумлю
а не злюсь
;)
;)
цыц
пупсик
;)
с тобой я в субботу разберусь
;)))))
нет нет
я ничья
;))
даже не просто
;)
;)))))))
педики
ахах
че за слово душное такое
"цыпуля"
)))
сочное
;))
нет
называй меня Катенька
;)
;)
почему?
;))
ахах
хуя ты рыбка
;)
тогда иди нахер
;)))
но я с тобой полюбому разберусь в субботу
;))
ггг
frvr, кто я?)
мдэ, я конечно всё понимаю
но я вас не узнаю в гримме
;)
Олька.. как всё просто епти
у меня этих Олек
...
))))
ты скажи какая
;)
аа
;)
креветки.. да
;)))
они мне сегодня ночью спать не дадут
ыы
а по мне так се) бывало и веселее
;)
Bluffing, и ты тоже, Олька
;)
))
ну вот хоть нормальные адекватные люди
малолетки все разбежались
;)))
хоть поприятнее стало
;))
гг
ыыы
ваууу
=))
+1 Ксю
;)
мне реально лень чота выводить рисуночки сидеть, если на это есть другие люди
а приготовить пожрать всегда рада ;)
лол
)
тебе такие девушки чтоли попадаются?
;)
неудачник!
борща например наварить, курочку запечь в духовке с картошкой, да много что сделать
да
а что там варить?
там надо прям огромные знания чтоли?
ты так удивляешься
пиздец просто
;)))))
может тебе еще рецепт сюда написать?
;)
своей курице покажешь
а что тебе еще надо то?
;)
лол
;)
в воду покидать? может в бульенчик?
)
в мясной или куриный
я не умею?
))))
кто ты такой, что бы мне говорить что я умею а что нет
;)
лошок пидальный, сидишь тут выебываешься.. а ты что готов то девушке дать?
небось цветов то не даришь ;)))
а уже запросы
)))
[banduga], чмоки
))
))
слушай я делаю такой который я захочу
;)
и который понравится моему мужчине ;)
;)
а еще он проигнорировал мой вопрос
;)
сам сидит за мои слова цепляется, и ответить на мой вопрос не может
видать даже на цветочек не способен ;))
Xai, так ты че готов девушке то дать?
;)
хохол чтоли
;))
не люблю хохлов пиздец
)))
походу дела))))
=)))))
небось очкарик прыщавый
Xai, значит ты девушке ниче дать не можешь
ни подарков, ни цветов, ни романтических идей
ну и кто ты тогда?
))
пугало какое-то ;)
;))
он небось еще в пещере живет ;))

=)))
ггггг
мне терь тоже захотелось, сучки
;)
внатуре
ггг
фсб
;)))
сам..)
Кать, не боишься с всякими непанятными дядьками встречаца ночью?
гггг
г
ты шоль
;)
фоту в студию
;)))
бля
;)
заебал
=))
Zub, и?
=)))
ахахаха
ты хочешь сказать что я в ростовской области?
;)))))
под колпаком блять
;))))
лол
да бля
весело здесь
;))))
да ты всегда недоволен
;)
тебя ебет, попрыгай отойдет
;)))))))))))))))
че пришел говно нашел
ахахах
бастер хуястер
=)))))
=)))))
лысый о расческе
;)
_^flash^-, ты приватный секс маньяк
;)
он тебе тоже пишет?
;)))))
-ЬЬ
Only, интимного плана?
;)
конечно нальют
;))))
отольют
я бы сказала
;))))
бесплатный сыр только в мышеловке господа
;)
))
лол
лол
да щас парней не наебешь
;)))
да
тебя покорают
;))
вип вип
;))
ыы
подари ей свой член
;)
))))
устрой ей аттракцион
;))))
гг
муррр муррр
)))))
а
там пламя было пиздец, что никакой огнетушитель не помог бы
;))
не все
=)
marfa, ты пьяная?
=))
жор 
;))
чойта ты меня полюбил?
ггг
Дим, хуйню спорол.. как всегда =)
))))
buster, я не вредная кстати
;)
нет
гг
;)
да пашли вы!
гггг
не ну бывает
а чо=)
взрослые люди
жор))))))
жор, ниче что я тебя на Вы не называю?
)
=))
я продолжаю шутить
а ты продолжаешь гнать
=))))
я заливаю пойло а ты заводишь вольво
ыы
онли
я тебе всё равно не дам
;)))
так что не пытайся
гггг
шансов 0
=)
ты меня не достоин
=))))
похуй пидору чулки
=))))
да
=))
кирпичное
=))
онли
если бы тебе было 22-23-24
я бы еще подумала
=))
а так, не люблю мальчиков младше меня или моего возраста
=)
))
когда тебе будет 22, я буду уже замужем
гггг
=)
да почему рано
нормально ;)
вот не надо начинать
как моя мама)
давай в 28
да щас бля)
сама решу когда мне лучше =)))
;)
ну а я и не горю особым желанием
=)))))
как получится
че)

даша чота сеня не в духе 
;)))
онли
посмотрим какая у тебя будет
;)
семейка придурков
ёбана
;)
nehochuha, во во блять
;)
))
шлюха ТВОЙ РОТ шнырь ты ссаный
)
в жизни ты мудак
)
мудофил ватный бля
)
buster, лол
)))))
на хую примчишься
пидрила бля
;)
не знаю исчо
;)
nehochuha, во во блять
)
я бы тебе помогла в этом
я бы ему еще в глаз острым карандошом бы въебала
)
)))))
да хули бычком
сжечь пидора на костре!
))))))
лол
аглаша
;)
))))))))
Жор
иди к нему в приват
))
там попиздите
разогнал всех
ггг
buster, сцуко!!!!!!!!!!!!!!!!!
ггггг
aglafik, человек
)
онли паскуда
;)
ну а че ты
конкретно вопрос здавай
Катерина
)
100 лет мне
гггг
aglafik, 19 с половиной
;)

у тебя в медведкого чтоли?
;))
а где?
))
да погоди
)
гг
хули там сидеть
часик?
;))))
и я тебя люблю слышишь, айс бейби
;)))
ну и чо?
мне обоссаца от счастья?
;)
у меня дела
мне на курскую попасть надо
=))
не смогу)
мне ребенка забрать надо из сада и на танцы повести
подружка попросила, бля
=)))
))))))
хули агонь то
мне пива ящик ставят
ггггггггггггг
так что сосите хуй
гггггггггг
да ладно и чо такого если подружка попросила
;)
всё равно делать нехуй
хоть пробздюсь
;))))
гг
ахаха
)))
Only, а ты где в центре то?
)
заг))
чо ты там всё трешься?
;)
кстати
есть инфа
что флеш в митино живет
;)
и что он жирный
гггггггггггг
)))))
чо сказать нечего?
ггг
buster, мы уже проехали эту тему, ты ток о ней
гг
)))
ггг
)))
лол
баст полюбому выиграет
)))
Кать они просто нас хотят
)))))
а мы такие не доступные
ггггг
)))
))
ты не одна такая Кать
;))))
лол
^flash^, ))))))) попугай)
nehochuha, приветь писюля)
nehochuha, винни так бесился когда я погромче делала
ггггггггг
сделай потише бля!
мне сложно ехать
думаю может мне вобще выйти, может тебе в правое зеркало неудобно смотреть придурок?
ггггггггг
а вот ухажер
ваще на полную сделаешь
хер че скажет
едет и едет
;))
;)))
не ну он давно машину водит просто))
и даже дал мне тронуться на ней!
гггг
я завелась и тронулась с 3 раза, 5км проехала Кать!!!
ггг
угу
для меня было главное не сжечь сцепление
=Ь
ггг
Кать
чо нужно что бы сделать инн? паспорт, полис.. всё?
страховой
медицинский
ггг
да)
хз
)
ок)
0о
огогошеньки))
ок ;)
пасиба
=))
ох бля, мне еще медицинскую книжку делать нада
сток запар сцуко
;))
да
))
как тебе мой вид сзади?
ггггг
гг
даа)
милая =)
дя)
http://cs770.vkontakte.ru/u8920532/101538634/x_2c3f00db.jpg
Кать.. такой хорошиииий
=))
онли тебе ниче не светит, так что иди вздрочни
=))
GAS, ты под чем-то чтоли?
)
buster, ебни ему)
не
;)
он жирный и живет в митино
ггг
лол
лол
)))
угрожает
ахахахах
мудище
))
фу бля
че за хачье ебаное
;)
))
мудила с нижнего тагила
;)
Only, петушило гнидовское
;)
[01:08:02] <aglafikкто там хачьё?
[01:08:03] <aglafikхаахаах
ахахахахах
;)))))))))))
лол
слюной сматри не захлебнись, пидорок
;)
ахах
ггггг
бля я обожаю этот канал
;)))))
стока всяких ебливо смешных персонажей
я ебу бля
;)))))))
nehochuha, ыыы
;)
не ну а хуйле
)
так и есть
;)
здесь плакать блять надо
что в москве такие УЕБАНЫ ЖИВУТ
стыдно блять
;)))))
)))))))
ахахаха
;))))
да весело
а ты че напрягся то
говно ебучее
;)
угрожульки всё угрожаешь 
;)
иди в песочницу играй
пиздоклюй бля
;)
и ПОТНУЮ ПОДМЫШКУ
)))))
буст
дарова
;)
да, он такой
ггг
какие нежности
=))
с чего бы это
снов Катерин
;)
)))))))
на колени
смерд
;)
лол
+1
дедуля бля
;))))
мудак усатый
;)))))))
Pupkin, я не тебе
)
(00:50:20) <misskittenPupkin, я не тебе
(00:50:20) <misskitten)
(00:50:20) <misskittenPupkin, я не тебе
(00:50:20) <misskitten)
(00:50:20) <misskittenPupkin, я не тебе
(00:50:20) <misskitten)
(00:50:20) <misskittenPupkin, я не тебе
(00:50:20) <misskitten)
[00:51:45] <misskittenPupkin, идиотина
[00:51:51] <misskittenэто не к тебе обращение было
[00:51:52] <misskittenпридурок пьяный)
)))))))))
не ведись Кать
;)))
ггг
гг
ну а где пить то?
;)
впизду
)))
я туда ни ногой
гггггггггг
marfa, где?
;)
в таком случае могу предлажить, у меня во дворе
гггггггггг
а я после 7-ми
освобожусь
;)
до куда доеду?
;))
ага
хитрая
;))
может ты доедешь, до смоленской?
;))))))))))
гг
гг
хуя
))
на смоленской я
ггг
побарагозим
таджиков погоняем
гггггггггггггггг
нас увезут в 6-е отделение района арбат
гггг
лол
лол
мда, мужики все одинаковые
мне так же говорили
гггггггггг
ебаря найди себе с толстым кошельком
лол
;)
да да
)
ты флеш2
;))
вздрочните 
;)
ггг
гг
да, я даю только брутальным
гггггггггггг
у азербайджана
ггг
))
херня какая-то))
да пох
;)
http://vkontakte.ru/club11686255
;)
нет))
не нравится он мне уже)
сама писдося!
;)))
))))))
базара ноль
;))))
а чо так оживились то
как ник поменяла
сучки
;)))))
доебись до меня!
;)))
щас съебусь
))))
на работу)
нескажу =Ь
ггггггггггггггггггггэ
мама сказала можешь всунуть 200р и не носить
гггггг
)))))
ахах)
а еще кровь из пальчика
суки)
с людьми
)))
;)))
лол
;)
не буду я ниче сдавать
;№)))))))
делать мне нех
какашки в сумке носить
ггггггг
)))))))))))
да я сама посмеялась
ггг
думаю там будет еще весело
;))))
;)))
ну бля
пока не скажу
)
пока не устроилась, не скажу
а то сглазят
ггг
уроды
;))))
да
))))
и типа флеша
ггг
придурков
;)
небось такая холодина
;))
овца!
p1z_data, когда?
)
завтра?
ггг
а
чо;)
гггггггг
это мой мужчина
;)
p1z_data, ты прав, я достойна лучшего
;)
ухуху
;)
;)))
Only, я думаю что ты мудоеб
;)
и сикалка
!
)))
)))))))))))
ты сам на кого хо4ешь наедешь
жестко
=)
сделай онли не девственником
;)))))
да лан жор, разочек то можно
;)))
не глядя
ггггг
в рот?
ггггг
лол
buster, помоему ты охуевать начинаешь)
педик подольский
)
и нищеёб
)
лол
Only, фу иди нахуй
проклятый гей
ггггг
лол
лол
Only, ну бустера?
гггггггггггггг
ну=на
+1
;)
тоже хочешь?
;))
во во блять
;))
ыы
marfa, а ты где щас?
)
дрочила
))
пидрило
;))
Only, трипер ходячий
гггггггггггггггг
пей ягу рожай шнягу
ггг
marfa, и чо ты целый день дома сидеть будешь, или чо?
;)
)
ну а потом
))
кому?
гг
тетю женб
=))
=)
))
ыы
как оп прописывать
люди добрые
)
я чота всё забыла
;))
да хз обычная
на мирк.ком скачала
;)))
соострил чтоли?)
;)
ну а команду то можно в студию
а то все острят тут
а толку
;)
мда
там ответ дождешься мож к ночи ближе
))))))))
ты меня не знаешь наверное ;)
у меня другой ник был
да и ваще какая разница
яж не спрашиваю кто вы такие тут
;)
и ваще глупый вопрос спрашивать "ты кто"..
ыы
да я просто тут полтора года не была
всё забыла
все команды ваще
лол
грубить)))
щас меня опять забанят
в 100500-ый раз
)
да ладно
я привыкла
))))))
здесь просто оч "добрые" люди сидят
я это давно поняла ;Ь
mr_Shadow, не здесь есть адекватные люди
но их мало
в основном тут какие то хз сидят лет по 15 такое ощущение)
вот прям реально быдло такое конкретное
деревенское
;))))
кого?
)
не знаю никаких свабод
я ваще в москве живу
;)
хз
если ты сидела на девушках
то наверное помню
;)
угу
))
ахахах
хелл ваще
не норм чел кстати ;)
я к нему на днюху в железнодорожный ездила
;)
гыы)
привет Олечка
;))
а тут чо все с климовска сидят?
;)
я так понимаю что, большинство
;)
)
у меня был MissYou
)
и раньше иркопом была
в году так
2005-2006
))))
;)
привет сладкая
:))
:)))
чмоки
как скажешь :))
marfa, да я знаю я сучка ваще кароче прости :)
мне было так плохо 
гггг
=)
Katunchik, мяу
=))))
ST1M, мур
;))
как ты? мой сладкий
))))
))
молодчинка
))
))
мудилоло
)
;))
че тут за шваль всякая
;))))
))))))))
я скажу обязательно
;)
вы упоролись
;))
привет Олечка
;))
че че
;)
хз
я че помню чтоли
;)
funny_fruit, даю тебе 1 мин на то что бы ты сказал кто ты такое
)
нет - забаню
;))
ох, первый бан
ахахах
;)))
хуясе
;)
господи жор ты еще не успокоился
=))
)))
ахах
;)0
да он в хлам сидит уже
;)
buster, бодягу какую то херачит =))
нет чтоб пивка ебануть, он всё коктейли душные и вонючие пьет
=))))))
пригубил бы
=))
говно тут только ты
=))
дерьмицо=)
идиотина
=)))
p1z_data, я не пойму, тебе понравился мой подарок или нет?
))))))
ппц чо ты слушаешь
;)
дароу 
;)
%)
скажи спасибо что еще нахуй не послали
а то тут могут
гггггггг
привет ;)
хватит мне херню всякую кидать
;)
не хочу
;)
[banduga] =Ь
;)
)))))
глупый вопрос
;)
к тебе домой?
;)
гг
;))
лол
значит ксю сама дура
раз ведется на на провокации
)))
-на
господи вы еще обсасываете эту тему
))
я думала тут всё утихло
))
о да))
ох)
какие страсти ;)
хмм
с чего это?))
))
а он мне нет ;)
не люблю грубиянов
хамло самое настоящее
;)
какой бы ты там бред пит ни был, ты мне уже не нравишься из за хамства
))
ты просто лохня пидальная
ггггггггггг
))
пупкин думает что это модель
ггг
г
смотрите что вы натворили с человеком!!!
уебаны
ггг
а кто такой старый пидар?
;)
ггг
ну ты был похож на него
;)
=))))
)
в след посещу;)
как деньги будут
;)
просто у меня оставалось 150р
ггг
чо я поеду бля)
на час и на 150р
;)
;))
да я приеду раньше вас
и нажрусь
;))))
ггг
ок ;)
не ну в кружке жестко пить конечно
;)
после 3-ей кружки уже в гавно уходишь
ггггггггг
marfa, полюбому его разбавляют 
))
после 3-ей кружки уже в гавно
после бутылочного пива так не ебашит
гггг
Only, привет)
наф пил водяру
;)
када мы втроем сидели
;)))
не пизди
!
;)
))))
marfa, а с херали ты пизде косарь тарчишь?
;))
а в итоге получилось
ггггг
эт чож ты там пила на косарь то
;)
а ты сама где?
;)
:))
))))))
с чего вы взяли вобще?
я сказала что на первый год можно и двенашку купить
поучиться, поубивать её
а вы прицепились
как уебаны
пидорас ты блядь ебаный
;)
NiMiZiDa, угу0
))
так что всё это шняга
ссыкуха бля)
да я бы даже такси взяла до цветного бы доехала
что бы посмотреть
)))))))))
NiMiZiDa, её еще и не пробьешь никак)
в этом плане она подстраховалась, хитровыебаная
))))))
да она до чего угодно доебываеться
начала мне этой двенашкой козырять
которой у меня нету бля
))))))
у нее только две фразы в мою сторону
уебанка и двенашка
и всё
)))))
на этом её мозг отключается походу
NiMiZiDa))))))))
NiMiZiDa, у нее тут подпездал еще есть, кубик
)))))
неписаный бля)
я его увидела, чуть не испугалась
))
внатуре кубик бля
)))))
да
гг
NiMiZiDa, 100%
мазда у нее 6
)))
такой бред вобще
её можно только пожалет
ь
)
тут чето Кать так много
))
я ты, еще малинка вроде
)
как собак нерезаных
гггг
)))
)))))
давай
чето я сморю много кто жениться, замуж выходит
обострение прям какое то
)))))
NiMiZiDa, а эт ты там на фотках с поинта жгешь?))
)))))
красава))
)))))))
совсем не пил никто ;)
гггг
у меня подруга такая же)))) после какой нить пьянки всё время банка пива или коньяка, заныкана в сумке
))))
NiMiZiDa, я боюсь похмеляться)) потому что это может привести к жестокому запою
ггг
на метро я езжу, дубина
;)
ггггг
хуюкс
;))
да да
есть она у меня
под окном стоит
ласточка моя
)))
какой мес?
=)
=)
а кито там?
)
=)))
ыы
осмотрю
ггггг
))
ты плохааая
тебя все знаааают
тебя имели уже все мои друууузья
))))))))))))
пиздата
;))
;(
бедненький
несчастные
;)))
да я заметила
что модно)
чота все расстаются
)))
гггг
эт ты про афродитку?
;))
ну помоему вика
;)
я с ней вроде на поинт алтуфьевский шла
ггг
ыыы
p1z_data, а ты ничего
;)
я вконтакте пропалила
г
ггггг
да да
;))))
да детка дааа
))))))
p1z_data, только лысым не айс
)
=Ь
я тоже у онли палюсь
;))))
в онлайне
гыгы
0о
;)
вот хоть убей
не помню тебя вобще
;)))
угу
=ЬЬ
;)))
+2
))
рэп жив!
гггг
ЦАО рекорд
!!!!!!!!!!
ZM сука!
кто знает тот поймет
гыгы
;))))
slimka`street, че это такое?
;)
p1z_data, ахах а че страницу то закрыл
;)
=Ь
да
убери дату рождения
побыстрому
;)))))
=)))
))
)))
всё одно и тоже
;)
придумай что нибудь новое, дятел
;)
;Ь
)))
девушка!
=))
)))))))
p1z_data, открыть те альбомчик то?
;))))
=)
я просто не помню, открыт он или закрыт
заебали с этой лепрой
;)))
p1z_data, открыт?

Zub =**
)))
летаю?
;))
мр фокс
=))
))
да щас в 14 лет уже трахаются во всю
гггг
причем тут я?
=)
хуйню какую то сказала))
лол
)
это парень?
гг
трансвистит
;)))
))))))
)))))
на пидорское пати
гггг
ггг

Only, лучше бы показал свою прекрасную душу
)))
хотя у тебя её и нет
потому что ты БАЛБЕСИНА
=)))))
гг
так тыж слип =)
ну и ниче епта
;)
такие претензии
;))))
эх.. мне бы кто такие претензии говорил..

мда))0
ну с таким..
)
явно не всё хорошо
;))))
гг
а щас даже наоборот
зарплату не принес - пошел нахуй 
;)
ахаха
засунь её себе куда подальше
;)
когда опель астра будет стоять под моим окном, тогда я еще подумаю
;)))))
опцшечка только
;)
)))))
я тебя позовууу за собоююю
ты не оставляй меняяяя вика викторииия
чота скучна
чем он хреновый?
;)
астра опц
;)
;)
да почему дорогой
за 500к можно найти)
=))
мне нравится
и это главное
;)
а там на мнение поебать
на чьето
;))))
вот бумер дохуя стоит
только из за значка и BMW
ну я девушка мне норм))
kato4ek, хуйню сказала ;)
Zamir, а ты на чем катаешься?
;)))
мазда?
ггг)
вот мазда говно еще то
гг
и внешне и внутренне
уебищная машина
;))
ну, каждому свое
;)
))
хз мне из русских только 12-я и 9-ка нравится
гг
choo, а тебе какая нравится?
;)))
эт че?
;)
;)
акорд хороший, да
;))
slimaK, пнх
;)
;)
на работе 
))
болеешь сцуко?
;))))
хз
в 20-ых числах
должна
;)))
buster, че с рукой?
флеш ты хуйло
=)
а фален твой любовник?
ггггг
fallen, ну как не стыдно
отбиваешь у меня такого парня!
ггг
fallen, у вас уже было ЭТО?
гг
миска своя телка
;))
стим ты лох
ггг
•(15:27:13)• <misskittenстим ты лох-а это я тебе припомню
ST1M, ну яж шучу
;)
лол
)
ахах
))))))
флеш
я люблю ток стима
=))
а ты мне не нужен
;)))
•(15:29:58)• <misskittenя люблю ток стима
•(15:29:59)• <misskitten=))
;)
соснул только в периоде?
гг
^flash^, ты шлюшка фаллена
ггггг
пидальный
=))
=)
гг
да
и за это я люблю стима
;)))
стим мой любимый
;)
))))
;))))))
всему свое время

=Ь
[banduga], тыб лучше на себя посматрел
)

))
а меня сводишь?
;))))
в мак
ггг
какой зек нафик
;))
точно
;)
иди в пень
я ем много, и не толстею нихера
ггг
;)
аушки?
;))
))
сись)
я не люблю бигтейсти
;)
угу
;)
плюсую))
))
я тебе накурю
ггг
тыж меня не откачаешь потом
;)
внатуре
так он любит понудить ;)
=*
))
он хочет показать себя умным человеком и правильным
;)
еще скажи что секс
это плохо
;)
лол
)
никакого
это другой вопрос
дубина
зуб
кароче
отъебись ;)
ты грузишь, бесишь, и вобще меня такие как ты не привлекают
Кать
ну ты чо поедешь завтра то?
;)
ггггг
слава?
;)
твой герой любовник
ггг
хехе
ты на работе?
;)
;)
айяй
;)
зато машина охуенная
;)
и похуй на привод
задний передний
;)))
p1z_data, где эт ты видел?
палишь сцуко?
ггггг
а на переднем как будто не заносит ;)
+1
ыы
я харашо))
как мелкая?
=Ь
где
;)
)))
бля тоже на выезд охота
;)))
ггг
))))))))
ну и норм)
ггг
ебанутый бот
;)
гыы
почему?)
ну личная жизнь тоже должна быть)
не всегда же с вами бухать
;))))
)))))))
а я вот рассталась не давно
ыы
впизду бля, мозгоебательство одно )))
ну он же у вас там рядом ваще
;))))
и я фанат спартака
=ЬЬЬЬ
хы
))
когда это ток было
лет 5 назад?
;)))))
перед матчем бухали всегда
))))))
ахах
просто в очко
зато на матче не прикольно бля, когда уже отпускает, начинается пиздец
)))))
228
строгим сроком
))))
))))
NafKa, уже
;)
со своим ботом
)
пошла нахуй
мразь)
кривая
!
ты тоже нахуй пошел
;)
да ваще смотреть нечего по телеку
;)
KsuKsu, ты себя то видела? стремная тупая пизда
завали свой хлебальник
!
))
и на нос чехол одень
а то стршно
страшно
!
;)))
)))
ладно иди нахуй)
nehochuha, я карочи позваню
как чо
;)
че
;))))
шалава твой рот!
дура тупорылая
;))
Кать помнишь в медведково ездили
;))
))))
ток уже не к сильву
0)))
да не больше не буду
ггг
я уже старая стала
;))))
куда мне
))))))
полюбому
гггг
))))
чо раскудахтались
куры
;))))
модель где твой глав петух кубик то?
;)
где потеряла
;)))
ггггггггггггггггггггггггггггггг
крутой мент
;)
да 
)))
))))
с усами
)))
закрой её
))))
ты школу в 2007 закончил
так что не пизди
;)
;))))))
я всё знаю
ахахах
правда я школу еще в 2006 закончила
ыы
;Ь
ахах)
Only, ты разве 91?
;)
))
а в каком месяце др?
;)
вначале?
;)
))
блязнец
;)))
ггг
рыба
=Ь
угу
хуяк
;)))
как эт телец
если вконце мая?
;)))
конец мая начало июня близнецы идут
;)
так чтон е пизди мне
я в этом разбираюсь лучше чем ты
гггг
а
;)
ну тогда ладно
тельцы сука пиздец
;)
у меня мама телец
))))
жестко бля
ага
тихие)))
то то я и смотрю
мне каждый день мозг выносят
гггг
p1z_data, а ты в каком месяце?
)
;)
_^flash^-, а ты?
гг
Only, терь понятно почему у вас с чухой дебаты
;)
она тоже телец
ыы
рогатые сучки)
чо ты какиих та геев кидаешь
;)
))
вайн аппппп ваааайн ап
оооууеее
=))))
ну че на поинте то были?
;)
ггг
хорошо что я не поехала
;Ь
там точно делать было нех
еще в такую холодрыгу
;)
))
че мне там делать?
я че ебанулась чтоли
с нового арбата пиздовать в подольск
;)
ради какого то поинта
на 2 часа
слушай тебя вобще не спрашивали
хули ты вылез то
)))
слушай я побольше тебя на поинтах бывала
так что заткни свое хлебало
пожалуйста
;)
ST1M, че
))
прив
отлично
=Ь
я на даче первый раз на машине проехалась
)))))))
с 3 раза завелась нормально
;))
и поехала
гыы
сцуко так страшно было =Ь
там же кусты деревья одни0))))
все мысли о том как бы не въебаца
и не поцарапать машину))
попозже ;)
машины всё равно нет
че толку сдавать)
сидеть дома с правами?
)))
да ну
и забыть всё нахер))
да мне хоть нашу
;))))
на первое время
;)
от двенашки я бы не отказалась
;)))
она мне более менее нравится из наших
)))))
да не
а так конечно мне опель астра нрвится
всеголишь 550к
;)
MoDelka, а тебе че завидно мымра подколодная?
=)
дарова)
=)
))))))))))))
аааа я не могуууу Жень))))))
ты еще спрашиваешь там есть ВСЕ
=)))))
как ты заебал
=)
вздрочни чтоли бля, ну не возможно уже, каждый день одно и тоже
как попугай
))
увольте
гггг
упрямая я
=)
баран потому что
гггггггг
а романтика же тож овен
=)
угу)
у нее 5 апреля вроде
на сколько я помню
;))))
а да 2-го
а у меня 7-го
;))
=))
или упоротый
)
^flash^, с чего ты взял?
;)))
я многим нравлюсь
=)
))
ватная
)))))
упоротая падла
;)
)))))
)))
ХУЯ ОНЛИ!!!!!!!!!!!!!!!!!!!!!!
ХУЯ ОНЛИ!!!!!!!!!!!!!!!!!!!!!!
ХУЯ ОНЛИ!!!!!!!!!!!!!!!!!!!!!!
ХУЯ ОНЛИ!!!!!!!!!!!!!!!!!!!!!!
ХУЯ ОНЛИ!!!!!!!!!!!!!!!!!!!!!!
ыыы
флудеры ебаные
;)
;))))))
mr_Shadow[away], ты глума не понимаешь чтоле?)
оно видно очень..
бля стим харош
заебал
потому что флудишь
этим и раздражаешь
мудак
орон
;)))
скорее всегод подпездало
;))
-д
хелпа
гыгы
пошел нахуй, щегол
;)
;)))
))
ггггг
))
=)
я ветрянкой лет в 12 переболела
ггг
сучка одноклассница заразила
ггг
ну это вобще то я спросила
;)
;))))
сучка ты Кать
)
отвезу тебя в лес
;)))
оставлю там
ггг
вот чо!
frvr, и че? ты мне терь всю жизнь это напоминать будешь?
)
а че тогда
не заебало еще
;)
или эта твоя больная тема
;)
троль)
Bluffing_6oJleeT_BeTp9IHkou, да лан забей на нее
вон игнор поставь и пох
;)
пусть пиздит сидит
когда увидит что всем пох на нее
отстанет 
;)
че пионер
;)
;))
лол
;)
))
да лан это дело каждого
пьет или нет)
кто то вобще колеца
;)))
это хуже
ггг
а кто не пил водку?
Дим как будто ты не пил
;)
сидишь тут трезвенник
;)))
да не, пивка можно было бы
;)))))
не
козла можно
;)
светлого
и сколько те стукнет?
;)
=)
мда
я вобще старушко тады
;)))
хочу 18 тож
;)
мне?
)
20
))
время летит бля
;)
вроде внатуре ток 18 было а щас 20
)))
да
;))
надо гулять пока есть силы
и пока жива печень
;))))
аушки
)))
ыы
ты маленький для меня
=Ь
я мальчиков постарше люблю
гыгы
вот.. подрасти.. ;))
там попездим
))))))
ну и я про нее
;)
0о
;)
да нет, боюсь пить с тобой
;)
малоли еще обгонишь миня
;)))
конечно
))
всю жизнь мечтаю о таком парне как бустер
;)
только чего то не попадаются
мне всегда какие то мудаки попадаются
;Ь
а кто сказал что он пиздатый?
;))))
я и не помню уже какой он
я его лет 5 назад видела посл раз
ну, бывает )
))
marfa, ку ку
;)
я уже прям жду не дождусь
)))))
привет Сашенька
;)))
ок
;)
да
;))
buster, привеет ;))
за всю хурму!
;)))
грабь бухай и отдыхай
;)))))))
ггг
угу
вместе с пиздой
гонять их по району ночью будем
с арматурой
ггггг
))))))))0
);))
да да
сладкий мой
))
чмоки
;))
;)))
^flash^, как поживаешь?
;)
канеш я
;))
^flash^, ути моя скучалочка
;)
ну чо
я приеду часов в 5
)
ггг
;)
пчм?
;)
ну тогда я не поеду никуда
;)
ну
а я про него и не говорю
)))
я про медведя
ггг
угу ;)
главное занять место на дивание
гггггггг
поэтому я приеду первая
ггггг
пошли все нах
всем ехать кокраз из далека
))))))
а мне быстро
гггггг
завидуйте суки
гггг))
в 9 утра?
;)
ну давай
;)
я в 6 встану
;)
тогад

как всегда тут срач
=))
Илья
)
лол
мля ужас
))
какой бландинчик
ахахах
))
nehochuha, а насчет штукатурки, я вобще не пользуюсь этим
;)
максимум что я могу сделать накрасить ресницы и подвести глаза карандашом черным
всё
;)))
у меня проблем с рожей лица нет
гггг
поэтому тональники оставим для прыщавых кукол!
ггггггггггг
вон типа
как 
та блондинка
;)
вот не люблю када так мажуца
гггг
марфуша хорошенькая
;)
nehochuha, а мне ток пудры нахуячили на щеки
и то на свадьбу
и то 5 декабря
ггг
я потом плевалась этой же пудрой
в ресторане
ггггг
щеку чет почесала и смарю у меня губы в этой хрени
;)
ужас
;)
угу
хуястин
)
не похож ты на него
!)
нет
;))
сам не пизди
;)
ST1M, я смарю с контакта твоего убрали эту херь ;)
а я ток ща заметила
;))
;))
да я больше на другой зависаю
ггггг
ST1M, на другой анкете
;))
ST1M, у тебя клевая первая песенка) девченка раскошно поет гагу ;)
ST1M, угу, я её давно еще в видео вконтакте запалила ;Ь
ST1M, приятный голос ;)
нет
;))
;)
у него там ниче нету вкантакте
;)
так что если вы думаете что спалите его рожу
то это наврятли
гггггг
я тоже так думала ;Ь
у стима 
;)
•(12:49:04)• <misskittenтак что если вы думаете что спалите его рожу
•(12:49:06)• <misskittenто это наврятли
•(12:49:07)• <misskittenгггггг
•(12:49:10)• <misskittenя тоже так думала ;Ь
;))
;)
сам такой
ST1M, ну так, послушать можно))
а те?)
;)
ну она там ничо
в этом клипе
;)
;)))
но мне эта песня чота нравится ппц как
;)
ахах
че за петрович то?
;)
мелкая
гггг
ок)
мда уже скоро 20 лет бля
)
мне
))
свахой подрабатывает?
;))))
;))))
Кать а када мы познакомились мне 14 чтоле было?
)
охуеть
)
гг
да и щас
пиздюлька
;))
была))))))
угу
гггг
ыы
nehochuha, до сих пор в обиженке?
;)
он там на что-то обижался
)))))))
мудилко
;)
а че он в шотландии ща?
;)
чето я такое припоминаю
что он не в москве нехуя
;)
детка если хочешь подойти ближе, присядь пониже
делай то чего все ждут слышишь.. поднимись выше.. и полетят тысячи, тысячи..
;))))))
помню как в медведково бухали
у него на хате
)
лол
)
я в очко ушла
ггггг
=)
гг
ггг
какой это год то был
2004?
)
гы
лоооооооооооооооооооооооооооооооооооол
я даже забыла про это выражение
;))))))
мудила ватная
ахахахахах
помню помню
я в мирке писала это
на твой канал
;)))))
или на рашн лов
;)
)))))
ладно харош
))))))))))
да весело было
особенно утром домой уебывать
)))))
торт вроде съел
ггг
))))))))))))
ну а че он большой ведь ;)
лол
;)
помоему он 3 литра выдул
;))))))
ыы
а он не заходит?
;)
keyser-soze
не?
;)
вроде так
или как он там бля
)))
nehochuha, он заходит?
;)
лол
бруд моя любовь
;))))))

гггггггггг
buster, ты тронишь ребенка?
;)
онли
;)
флэш
я уже начинаю верить в то
что ты тот старый хрыч
на фотке
ггггг
buster, он 90-го года
)
Zamir, я думаю нет
)
без него не проект уже будет
;)
лол
buster, нет я реально начинаю верить в это
;)))
похож
ыы
внатуре
)
гггггггггг
лол
конечно
;)
ггггг
ну чо епта
)))))
да хуй знает
вчера в дмитров ночью ездили кататься
вот она играла в машине;)
да ладно
не далеко ;)
не до тебя было
;))))
хах)
да где то еще можно достать
;)
ST1M, а че тебе не нравится этот трек? помоему норм драмчик
;)
привет, милая
=)))
ST1M, ответь!!!!!!
))
на мой вопрос
сцуко
;)))
ну
)
)))
ахах)
;)))
да яб даже друзьями своими не назвала бы многих отсюда
;)
знакомые)
;))
отпустит к вечеру
;)
и то может быть
;))
ST1M, вот с такими я стараюсь вобще не общатся
гггг
нет
те кто фен нюхает
;)
да и ты тоже
мудила
еще тот
;))))
ггг
не прощу
)
;)
к тебе?
;)
на хуй то?
;))))
приезжай
схожу
;)
сладенький
ггг
;))
не хочу (
хочу на хуй
ггггг
;)
угу стим мне щас напоминает онли
ггггг
а при встрече
такой ласковый катенок
небось
;)))
ггг
как онли
)))
;)
ПОЗВОНННИИИ
НЕ ЗАБУДЬ
РАССКАЖИ МНЕ ЧТО НИБУДЬ
ПОЗВОННИИИИИ
ОБЕЩААААЙ
ПРО МЕНЯ НЕ ЗАБЫВАЙ
НА НА НА НА НА
))))))))
лол
)))))
таня буланова
гггг
;)
стим
ты не в тему
;)
;))
давай
да я отвечаю что стим такой же в реале, как и онли
;)
это тут они выебываются 
а в реале
)))
ромашки бля
;))))
бля буду
гггг
;)))
vaFLya, да я здесь и не особов ыебываюсь
;)
)
ST1M, ну покрайней мере я так думаю))
;)
мля
тоже в мак хочууу
;))
mr_Shadow>, сам ты дева
;))
я овен =Ь
;)))
я поняла
;)
)))
погуляй сходи
ахах
да любой вискарь гавно)
скажи)
скажу точнее
))
любой виски гавно
самогонка самая настоящая)))
;)
вот козла норм
)))
;))
а че такого то?
;)
гггг
да не
лучше винища
;))
лол
)
иди нахуй понял?
;)))))
это мое мнение
и тебя вобще ебать не должно оно
;)
mr_Shadow, вобще никакое?
;)
;)
да
)
)))
))))))
0о
какой ты жестокий!
)
пиздрот..
)))))))))))))))
Катя, как ты выражаешься!
пиздрот..
)
ладно я, но ты
ггг
0о
она помоему всегда была "пидарок"
)))
я помню еще вампиршу
вот это полный треш
это уебище еще то
;))))))
ааа у меня тож эта фотка есть
;))))))))
ты там внатуре дрищь
)
я там в зеленой куртке да?
;))))
и я еще там светленькая
ыы
бля да стока поинтов в алтуфьево было
я помню был канал "личное-мнение"
вот там стока поинтов было
в алуфьево почему то тоже
)))))
да у меня там много знакомых
;)
о да
сильвер
как дальше не помню
)
сильверанриал
во
;))))
и толстый
)
я у него дома блевала
ггггггггггггг
я много где блевала
ахахаха
;))))
сам ты алкаш
;)
у меня организм тогда детский был
;)
а ониж пиво пьют
мне тоже хочется
вот обпилась
и ппц
;)
щас я уже не помню када в посл раз это было
;))))))
потому что стараюсь не нажираца ваще
;)
я вот на НГ
пила шампанское
с ред буллом
и когда понимала
что щас пиздец будет
садилась есть
;))))
что бы отпустило
;)))))
отпускало
;)
buster, че жестко?
;)
ага
сердце колотилось что пиздец
))))
ну
не прям улетаешь
постепенно
;)))
стим ты вчера показал еще что ты будущее россии
;)
да
ты матом шпаришь
я даже таких слов не знаю
;)
и небось бухаешь ягуар
;))))
дешевый
))))
DrMouse, да эт давно было ;)
я даж не помню в каком году уже
сколько прошло то даже
;))
buster, а патом я познакомилась тут с мальчиком
buster, а патом я познакомилась тут с мальчиком
)
и кароче, пропала на 3 года
;)))))))))
г
фуу
))
;)
лол
представляю
ахахахахахаха
это пиздец
ну а че ты не дала то
=)
фрося))
Only, разве у тя её в друзьях нету?))
сосни хуйца флеш!
)
лол))))
братело
;)))
ггг
)))
флуш
лол
)))))))
даа.. флеш давно прилошился
слеганца
;)
стрелки кидает
;))
ST1M, чмоки
;)
гггг
угу
;)
;))))))
))))
иди спать Илюш
;)

;)
;)))))))
с конченой грудкой..))
ммм
люблю цезарь
;)
но лучше домашний.. чем в ресторане, такое гамно там делают ужас..
;))
я не претендую, я сама умею готовить ;)
ой даааа.. это точно, лень убивает ;)))
а вобще я люблю оливье
;)
фу
)
греческий бее
;))
ыы
с кактусом..
фу
;)
внатуре
;)))
)))))))
buster, ахаха
это 100%
_lena, неадекватные сто пудова подметила
;))))
там с головой уже не впоряде
;)))
buster, ну а ты че мажор чтоли?
у тебя в центре есть квартира?
;)
ты вобще в подольске живешь
))))
гыгы
ну а че на нее гонишь что она простая
;)
сам то какой..
;)
;))
покажи хоть 1
)
;)))))
да я глумлю
чож вы так всё воспринимаете
;)
ну вас нахуй
внатуре неадекваты ;)
я не могу с такими людьми общаться
вот реально
;))))
с ебанутыми
ыы
тебя ваще не спрашивали, живет она на цветном
ахахаха
до сих пор ржу
;))))))
MoDelka, где мид находится?
;)
лол
)))
ну если ты живешь в районе ЦАО
ты должна такие вещи простые знать
дура бля
;)
buster, ты лично знаешь где она живет?
;))))))
лол
)))))))))
))))))))))
бля)))
я охуенная, девочка моя) а ты вот блядина 
MoDelka, мне тут сказали что ты минетчица
;)
сказали прикинь))))))
ахахах
ага
какая еще то ;)
в вузе
;))))))
ага
MoDelka, давай у мида через 20 мин встретимся
?
;)))
я тебя сука задушу нахуй
;)))))
)и твой телефон те в ебальник вобью блять
;))))))
да
мне идти 10 минут
дура
;)
ахахаха
всё девочка
ебись ка ты в рот
;))))
лол
ыы
походу
;)
что ты удивляешься?
ST1M, а ты поедешь на поинт?
;)))
ну тогда и я не поеду
;))
buster, а ты пойдешь на поинт?
;)
buster, а я думаю ехать или нет
своим ходом запарюсь
))))
я и так вчера успела съездить на выхино
с выхино в МИТИНО бля..
;))))))
))
вот да, это было ппц.. с одного конца москвы на другой)
с кузьминок, я вобще то живу на арбате
ну а че мне ловить в кузьминках? оттуда собака ходит?
;)))
не ну я ехала в метро мин 45-50
Zub[work], ааа это ты типа забираешь некоторых людей с кузьминок?
;)
ну понятно
)))
ну а как еще?
я напрашиваться не буду ;)))
не ну я тоже была, соскучилась что-то по старым добрым временам
;))
мда)
а какого числа сие мероприятие?
а то там не написано
;)

а чо вы ржоте у меня от нее пиздатая кофта есть!
ггггг
freak, пошел нахуй урод ;)
палюбому
ладно поехала я в налоговую
;)
когда ты умрешь ты станешь ветром и будешь жить на моей крыше
когда ты умрешь ты станешь солнцем и всё равно меня будешь выше
ггггггггг
пиздатые песни
;)
anastezia, а тебе щас сколько?
;)
хы)
мне ток 20
эт чо получается я уже должна замужем быть?
гггггг
не не
ближе к 23
нормально
;)
да харош
какая старуха ;)
жизнь тока начинается в 20 лет
))))
что рожать
;)))))
женится до 25 норм
)
точнее замуж выйти в любое время можно
;)
21 далеко не потолок
)
ахах
я раньше так же как и ты думала
;)
всё в 20 лет должна
ну и чо 20 лет
;)
не вышла ведь
ггг
и не хочу
;)
у тебя еще мировозрение поменяется
;))
то что ты думаешь щас, в 20 лет будешь думать по другому
)
нет, это типа с возрастом становишься смотреть на жизнь по другому
)
ну если у вас не меняется ничего
с каждым годом
то мне жаль вас
;)
чо я могу еще сказать)))
вобще то, мисскиттен
)
где ты там гитн увидел
я хз
;))))
мля
че мне сколько?
лет чтоли?
;))
бля
вконтакте всё написано
для тупых

гггг
Катюшка Лайм написала
1 мая 2009 в 1:03 
ахаха))) ты просто нарк магнитогорский))))))
это я ему коммент оставила
на фотке
гггг
фрозену)
Константин Кислый написал
1 мая 2009 в 10:32 
))))))))зачем же так грубо кать ;)
)))
кислый бля))
))
да я тоже сначала вспомнить не могла
ггг
ну че
буду сушить сухари, а хули
)))))))
[Nafanya], давай
))
флеш старый пердун и гей
;)
ггг
ебливо смешные персонажи
;)
ментовская шкура
;)
мусорская
)))
это в дагестане
;)
стены все в балоне
вася шо ты гонишь
;)
)
зураб тебя ищет
;)
генацвале бля
)
помнишь наф?
там чета пиво дорогое пиздец было
гггг
в генацвале
на спортивной
);))
чурки ебаные
;)))
лол
;)
угу мы посматрели меню и съебались оттуда в кружку на баррикадке
ггггггггг
лол
причем тут русское или нет
там пиво дешевле
придурь
гггг
;)))))
нет нет скоро сезон короткий юбченок
;)))
весна же
ыы
коротких
;)
дааа
у меня есть юбочка
;)
да))
она такая охуительская
;)
гг
поддерживаю
полностью
)
mr_Shadow, лучше бы с бота оп сняли
)
и с модельки
тупой хуеты
;)
))))))))
фалл нормальный чел
че вы гоните
;)
а хули ты мне указываешь?
сиди на иркопоинте
и пизди там
твой юмор и ты здесь точно не катите
)
)
боиться оп потерять
гггг
не ты давал - не тебе снимать
;)
так что успокойся пупкин
опять нажрался 
веди себя нормально
тогда
шмара деревенская
гггггггггггггггггг
=)
ты хуй
ггг
fallen, ксю залупаеца
=)
гг
эт ты?
;))
гг
чо наф ебнулся чтоли совсем на старость лет
;)))
ORIGAMI_CpyJluJl, эмо?
;)
заебал ты сюда всякую херь скидывать
;)
и в аську тоже!
хочуиару
;)
пшел вон!
;)))
вошь!
гггг
ты хочешь быть девочкой чтоли?
;)
такое ощущение что на фотке телка
но черты лица
мужские)
и руки
;))
угу
внатури!
;)
еще и ногти красит!
ггггг
vaFLya, тебе накрасить ноготки?
гггг
О_О
;))))))))))))
ну на самом деле, что-о есть
;)))))
))))
блондинка ;Ь
=))
nehochuha, тебя такие не возбуждают?
ггггг
бгг
наф, будь добрей
гггг
это ОБРАЗ
вы ниче не понимаете!
;)))
ГгГг
ыы
взяли парня засрали!
уроды!
ггг
угу
я думаю в коврове похуй на это
там гопоты, скейтеров реперов и вот аткой хуйни
дохуя
;)
мда
MoDelka, а ты хули выебываешься сидишь, тупая пизда
;)
))
как смешно, уебанша
;))))
аахаха
MoDelka, жирное уебище это ты
которое каждый день в зеркале видишь
;))))
угу)))
;))))))))
MoDelka, попугай, пластинку поменяй овца
;))))
MoDelka, жирокеша
ахахаха
гг
лол
)))
гггг
MoDelka, тупая пизда
=)
=Ь
))
))
marfa, ДА
)
чо
;)
marfa, ниче не поняла
;)
ты в говно чтоли?
;))
а ко мне???
;))
гг
ладно в 22 девственнк, есть и в 28 такие персонаж
и
;))))
у моей подруги парень такой
гггг
buster, я те больше скажу бля
здесь сидит женщина
ей 54 ебнуло
вчера
)))
;)))
я те отвечаю
[14:26:37] <misskittenbuster, да пох.. мне если чесно на его деньги, машину старую, лохматых годов
она у меня даж вконтакте есть
<misskittenдокажи
не
)
<misskittenдокажи
Zub[work], а тебя это ебет или подъебывает как-то?
;)
Zub[work], он не говорит что у него много бабла
он так раньше говорил
;)))
но мне то похуй на деньги вобще
есть они у него
нету их у него
мне срать)
я полюбила его таким какой он есть
а че у него там за спиной
мне как то пох)
;)
Zub[work], ну не нравишься ты мне
не зацепил
)
вот знаешь есть люди, которые цепляют, даже глядя просто на фото
)
))))
Zub[work], у тебя разве такого нет?
;))
я не могу по фото сказать какой человек, я могу сказать только то, понравился он мне или нет чисто внешне ;)))
лол
)
ага
типа
знаешь такой
намекает
ну я не красивый канечно, но у меня душа охуенная
))))))))))))
вот на это он и намекает 
;)
да че нет то
)))))))
buster, ты всегда красивый
;))
Zub[work], а как еще я его могу оценивать, если я его допустим никогда не увижу в жизни?
)
ты тоже странный какой-то ;))
либо тебя задело чтоли то что я сказала что ты не в моем вкусе?
)
или че ты так прям спохватился то
;)
цитатами заговорил ;)
у меня есть друг, он на самом деле страшный.. что на фотках что в жизни, но вот он один единственный, цепляет своей душой, общением, он добрый пипец.. с ним интересно общаться, вот располагает он к себе, тянешься к нему ))
;))
MoDelka, а чеж ты тогда на таком говне ездишь?
;)))))
раз можешь себе позволить подороже и получше
мазда твоя говно
;)))))
купи себе бмв, или карвет, или мустанг
;)
что покруче
и помощнее
;))))
на свалке если только
;)
=)))
;))))
откуда вам знать
что у меня есть, а че нет
;)
те кто понтуеца сидит у них кокраз таки и нет нихуя
а я че говорю что у тебя чего то нет?
;)
хуль замолчал то, сказать нечего больше?
ну и радуйся
;)))
Bluffing, привет Олька)
когда ты выпрыгнешь из окна
;)
)))
Romantika, оу
;)
nehochuha, у тебя нет тачки?
лох
))))
покупай мазду rx
и всё будет заебись
ахахахаха
ну тут модель просто понтуеца нам 
;)
мазда
)))))
угу ;)
папулечка купил
ухахах
;))))
дскорее всего
;)
=))
;))))
MoDelka, да ты выглядишь на все 35 с таким макияжем, килограмм тоналки и пудры, фу
;)))
=))
ахаха
это еще и не её
ну тогда её можно вобще считать
ОНО
))))))))))
хуй проссышь, малоли там мужик ванючий сидит за монитором
)))))))))))
ахахахаахахаха)))))))))))
трансвестит
;)))))))))
че раскудахтались то
;)
))))))
вот такая вот хуйня, да
;)
да лан тут ниче смешнова нет
тут плакать хочется)
а че кидай свои
я лично её видела
;)
ну не лично
а на фотке
;))
MoDelka, она нормальная кокраз таки)
в отличии от тебя у нее сердце есть
а у тебя нету
ты какая круелла
из 101 долматинца
;)
такая же ужасная, коварная
))
Andre, )))
MoDelka, ты с телефона чтоли сидишь?
)
анастезия болеет за спартак
она уже мне нравится
))))))
она говорила что мазда =Ь
MoDelka, какая?
)
)))
MoDelka, кто те такую подарил? папаня?
;)
ыы
MoDelka, а че сама не хочешь заработать?
;)
когда покупаешь на свои деньги, всё равно ведь приятней
;)
и что?
многие учаться и работают
;)
))
)))))))))))))
мне никто не нужен
=ЬЬ
ангелы как флэш
))
ахах
привет ;)
•(15:13:30)• <misskittenмне никто не нужен
=))
он всё равно не отстанет
;)
привет Илюш)
какой же ты грубый
)
=)
да пошел ты
)
ебаный ковбой
;))))
0
))))
да вас обидешь бля))
иди нахуй
=)
)))
стим
ты парень конечно
добрый
но слегка прилошоный
))))
)))))
=))))
хахах
стим я лучше тебе вдую
;))))
)))
угу
)
))))))))
ахах
ну да

;)
потому что стим меня любит
;))
а ты всеголишь влюблен
;)
гг
=)))
это судьба правда?
;))
=))
)))))))
хах
)))
да
она шикарна
;)))
;))
тает во рту
;)))))))))
))))))))))
;)))))))))))
убить
;)
мутит воду
;)
да я больше скажу
он в четверг собрался
фен нюхать
;)
ага
рассказывай
))
гг
))))))
а субботу?
=0
=)
перцовкой
;))
фу
;)
кто 
это
;)
а чила сасет чтоли?
ггг
ебануца можно
)
а пиздата че вобще в говно сидит чтоли?
)
marfa, а еще фотки есть?
;)
ну
;)
давай)
какой то прилошоный
))))))))
а в мирке че он такой выебистый
хуибало
;))
)))))))
marfa, всё, едем к те в субботу
;)))
;)
p1z_data, а чо так?
;))
ссышь?
;))
да уж бля
;)
липецкая..
))
ненавижу эту улицу
ггг
и еще дом 15 вроде
;
)
4-ый подъезд
15 этаж
)))
ST1M, привет прилошонный
;)
ггг)
<misskittenST1M, привет прилошонный )))))))))
ты че такой злой то?
;)
мудак
)
сам пошел нахуй
урод
)
;))
))))
да детка
))))
ты мой сладенький
;)))))
только не ругайся
солнышко
мое
))))
Kybik, ну у нас наверное с тобой разные взгляды на "красоту"
=)
по мне ксю стремная
бля
так мороженого охота
а так лениво идти
в магазин
)
ну нахуй там холодно еще
)
ты упоролся
;)
лол
))))))))))))
ST1M, ты конечно добрый
но слегка прилошоный
лол
)))))))))))))))))))
сука))))
не могу бляяя))
бустер атжог
)
))))))))
лол
ST1M, чем ты заболел дорогой?
;)
че ел?
)
заебал этот бот уже
нахуй он тут вобще не нужен)
и вышел
;)
хуевая хуйня
да когда тошнит вобще хуевое чувство
не приятно нехуя
угу))
фу бля
)
))))))
;))
да он влюбился
;)
Кать да ладно не отрекайся от поклонника
ггг
онли вобще влюбился
гг
;)
Кать поняла? никто в нас не влюбится
((
старушенции?
;))
мне всеголишь 20 будет
дурачок
гггг
да..
песок сыпицца
да да
))
я в бирюлево живу
ггг
в отличии от вас пидорасы я живу ОКОЛО НОВОГО АРБАТА
))
его дочка в моей школе училась
;)
ладочка
ы
Zub[work], какая нах комуналка еще?
;))
ебнулся чтоли
;)
все с бирюлева
;)
чуха с бирюлево
)
и всё
;)
Zub[work], а ты кому нужен?
;)
ну а че мне аткие вопросы задаешь?
ну кроме мамы с папой ты походу никому и не нужен
)
[14:21:39] <misskittenну а че мне аткие вопросы задаешь?
[14:19:18] <@Zub[work]кому вы нужны?)
)
;)
зуб попробуй сходить нахуй
;)
)))
Zub[work], а что уже ходил? не понравилось?)
;))
ну откуда ты знаешь, может тебе понравится
)
))))))
Zub[work], не пробовала
)
но те кто пробовал говорят что это пиздато
ггггг
но блин мне кажется это дико
;)
p1z_data, привет сладенький
;)
он не подарит тебе цветов
ггг
;)
Кать, стукни его!
бгг
buster, весело и хуй с ним ;)
гггг
у меня уже слезы из глаз сука
ггг
от смеха
KsuKsu, ах ты блядунья, хватит повторять за мной! 
гггг
нука нахуй, кирпичное хуйло
гггг
у него рожа кирпичем всегда
ггг
buster, цыц бля
)))
понял?
))
лол
на чухин анал
;))))
fallen, лол
;)
))))
ты хочешь выяснить мои мысли, мою точку зрения
))))
ахаха
;)))
выводы
)))))))))))))))))))))))))))))))))
по словам из мирки можно сделать выводы
охуеть ;)
даешь поинт
;)
;))
buster, лол к фаллену приезжали из коврова типы, хатели ему фейс разнести
))))))))))))))
в итоге постояли, помнулись что-то и уехали
;)))
да
)
хз
но вроде человека 3
)))
ну фал себя описал и т.д)
они чето посмотрели, переглянулись
и уехали
;))))
че приезжали
хер знает
;)
понторезовы
;))
buster, а че поинт то будет?
;)
небось в климовске еще?
я туда ехать заебусь ))
лол
я лучше сама
своим ходом
;)))
или такси поймаю
%)
я не хочу что бы мне мозг вынесли
по дороге
туда
и оттуда
я не выдержу просто
))))))
вы меня пожалейте
ыы
вот кто бы хоть 1 раз ко мне приехал бы
;)
а то я всё время езжу к кому то на поинты
мне вот допустим лень пилит с нового арбата
в климовск
)
+ь
мне до бабушки то доехать лень
она на выхино вобще живет
а вы говорите
климовск..
этж
до царицыно ехать
там на липиздричке
в слякость
в мороз
фу
;)
и чего делать? стоять на улице
лучше в кафешке посидеть
в таком случае
;)
Zub[work], а ты вроде где то в марьино живешь? или я ошибаюсь?
;)
;)
buster, вот веришь нет
но я забыла как тя зовут
;))))))))
отвечаю
;))
ыы
Женичка
ыхых
ну блин
мы с тобой скок не общались
я и никого не вспоминала толком
у меня любовь была
;)))))
4 года жопа коне4но
я никогда не думала
что стока будем вместе
;)
по кому?
;))
)))))
не скажи
мне щас паралелльно
есть он рядом со мной
или нету его
)
знаешь Жень
я когда и в отношениях с ним была, чувствовала себя одинокой
)
так что без разницы на самом деле
ушел он
или остался

))
ебанитесь ;)
ублюдки
)))))
))))
buster, да здесь таких не любят, яж те говорю
);))
здесь уж больно выебистые пендовки сидят
проще надо быть
;)))))
че одна модель стоит
тупая пизденка
;))))
сосущая кеглю
;))))
чо
))
)))
оригами и вправду хуета
;)
эмо
;)))
slimak, гуф рулит
;)
полюбому
слим тоже норм
;)
ORIGAMI, ну ну)) в орущих пропитых голосах про больную любовь, ясен хуй)))))
да хоть мальчик
;)
мне то что))
зачем?
)
это у тебя привычка всех банить
а у меня нет
;)))
я здесь даж никого не забанила
;)
нехочу я)))
не вижу смысла
мне это не надо %)
ну ты то кокраз любишь этим заниматься
;))
лол)
дада Катя я
;)
=)))
малинка еще Катя
)
гг
чо ты орешь
)
ого)
ударить)0
хуево, чо
;)
;)
=Ь
гггг
да ладно поржоте вместе над лошицой
;))))
угу)))
=)))
Ксю
а ты в ярике щас?
;)
=)
поближе к москве
)))
ну хз
до ярика 3 часа ехать
а до коврова 5
с пробками все 7-мь
;)))
))
да я как бы тоже в коврове была
=Ь
проезд бля
нам бы такой
в москве
;)))))
угу
а у нас все 40 маршрутка
гггггг
омг)
ты че дересся
сцучка
))))
))))
сыклина?
гг
упоротая сыклина!
ггг
да да))
ток хатела написать
))))
=))
упоролись!!!!!
абриколь же закрыли да
ахахахахаахах
теперь кто то там не потусит
гыгы
я знала бля!!!!!!!
что это место прикроют
ггггг
;))))
я его сожгу
гггг
плюшкин?
;)
да
моих рук дело
гггг
;Ь
вот вот)
пиздуйте в центр
нехуй по всяким захолустьям своими жопами тереться
ггггг
в оперу блять

ну ты канеш нашел какие показать
там бля фотки годов лохматых
)))))
ты лучше себя покажи
;)
зубчик
ыы
я тебя помню
ты в очках вроде
;)))))
да фоткам пиздец там сколько лет
)))))
лол
))))
Zub, да я тя уже пропалила
;)
весы епта
по зодиаку
ыы
ыыы
Zub, подумаешь
;))
Zub, да да
;)))
лучшие девушки
ыы
уходят к казлам
ыыы
и мудакам
;)
)))))))
да малинка чето не айс
ST1M, покажи себя
горячий мужчина
))))))))))))
http://vkontakte.ru/id310378
))
лайм
;))
в друзья стучись
я боюсь себя показать, яж страшная
(((
))))))))))))))))
_^flash^-, яж правда страшная?
;)
Zub, какие?
;)))
причем тут оп
?
я про внешность, дятел
;)
даа..
всё таки я не могу нормально со своими сверсниками парнями общаться
))))))
а уж темболее встречаться
ггггг
маленькие еще какие то
;)
;)
вот 22-23-24 нормально
;)))))
;))))))
до
;)
вот если убрать шадов 
то прям втроем будем в колоночке
;))))
угу а мнеб в клинику
)))
нет
)
нафания
;)
=))
нафануя
)))
;)))
фаина
ггггг
vaFLya, старый пердун
)
базаришь
;)
)))
ах какая женщина
мнеб такуууую
;)))))
опять флеш начинает свои игры
;)))
ебанутые
неровно ко мне дышит ;)
Romantika, это пизедц какой-то ;)
после каждого привата со мной, он начинает снимать оп
и угрожать мне акиком
ахахахаахаха
еблан
давай акик мне, мудила 
;)
Romantika, да он меня уже заебал)
•(16:23:45)• <misskittenдавай акик мне, мудила
почему со мной такая шняга
почему не со стимом
;))))
 =)))
ты вобще нахуй пошла проститутка
;)
уебанка))
MaJloJleTka`u3`BopkyTbl, пропитая рожа бирюлева

да москва то тут причем
=))
Zub[work], с чего это?)
ты что разве не в москве живешь?
=))
ах ну ладно, извени на окраинке
=)))
0о
впервые чота такое слышу))))
не говори)
все в москву пруца, в центр.. делать нечего здесь, я бы сама свалила, но.. ))
)))))))
только мне, распространить
;)))
плюсую)
мама то всегда уезжает на выходных
)
а вот отца
надо отправить
в гжель
;)))
к другу
гггг
и тогда
можно бухать
;)
спать есть где
гггг
взворвем этот тухлый центр
лол
;)))))))
я около него
;)
лол
))))
а
)
к соседу можно будет зайти
отпиздить
гггггггггггггггггг
;))))
оригами в коврове
)
а хз
;))))
ыы
не не
знаете какая самая клевая фишка
у нас на районе
это гонять таджиков
))))))))))))))))))))
в пьяном угаре
блять
ггггггг
по кругу сука
гггггг
потом их выбежит целый аул
и можно бегом в мой подъезд
ггггг
бита есть
;))
хуя се 5 тыщь в месяц
))))))
у нас дворники 15к получают
ггггг
таджики бля
)
один себе машину уже купил
гоняет
гггг
5 тышь бля
;)
гггггггг
бля это не я
;)
;))
ага
;)
это в метро
ггг
наф фоткал ггг
фотограф блять ;Ь
гггггг
ггг
;)))
привет слаткий
;))
неа
откуда у меня его фотка то
;)
надоел этот бот флудить
Mutna9, делись ;Ь
Mutna9, ну че
как там дела с фоткой обстаят?
;)
да да, сочная сучечка
;))
))
;)
да он читать не умеет по англ походу
;)
влюбился?
;))
гг
а в голубом свитере, это немезида?
))
мдэ
да
)
да
угу
а рядом не знаешь кто?
;)))
точнее догадайся
=)
=)))
хз
угу
;))
лол
пиздец)
какие то у всех ебла пропитые
;))
))
дада)
в кастюме хаус?
)))))))))))))))
угу)
в каком то гаштете
;))))
марфа
;)
фу
гггг
))
;)
)))))))))
ахах
marfa, сучка
;)
;ЬЬ
от пиздени слышу!
)))))
крашена
;)
=)))
ты вобще молчи
;)
упырь!
гггг
а чо звонить мы там не долго были
)
пока бы вы доехали мыб уже ушли
ггг
нахреначилась?
;)))
;))))
где успела то?
;)
ну и я про вчера
;)
эт билайн
;)
))
он не твой
а мой
;)))
ST1M, малыш мой
;)))))))))))
ты меня любишь ведь?
;)
=))
ай ты мой красавец
;))))
Kybik, дарова ;)
))
он уже кончает при виде её ника
;)
мелкая
я вобще то старше тебя
сучок!
;)))
=ЬЬ
у кого у флеша?
;)
шланг ты стим
;))
Илюш
ты конечно
парень добрый
DrMouse, ну а че те улицу чтоли сказать епта? давай около метро и встретимся
;)
ты мне в лицо это скажешь
усосок
;)
;))))))
м. смоленская
;))))
да
)
))))))))))
DrMouse, да ты не приедешь нехуя
))
DrMouse, давай завтра в 5 вечера
около метро
)
только дай на свой ебальник посматреть
;)))))
))))
ясен хуй
;)))
лол
)))))))))))))))))))
это палюбе стремная хуетень
;))))))))))))
лол
)))))
модель ты тоже в наших рядах
ааахахахаха
баба мужик, модель ты ся то видела, свинота дряхлая
;)
;)))))))))))
базарю
аахах
ну
)
)))))
ахахаха
я в 11 спать буду
))
какие отмазки*
?
еще бы блять в 3 ночи позвонил бы
;)))
;)))))))
MoDelka, конечно
поэтому ты испугалась к миду подъезжать? зассышка ебаная
;))))))
или просто незнаешь где это?
ахахахах
буст позвани мне
;))
Zub[work], слушай я без тебя разберусь)
мамка сидит тут епта
;))))
это билайн
;)
где  язаднюю включила
бля да на мой номер
привет
мальчик мой
)))))))
))))
беги скорей, мой милый
ггггг
не споткнись только
;)
пшла ты!
ггггг
в баню!
;)
попаримся
гггг
на хую?
гггг
ЛОЛ
;)
;)))))))
лол
=Ь
))))
ахаха бля))
нищеёбы 
;)
нихуя не добились
сидите в мирке еблом щелкаете
)))))
пока тут всякие зассыхи проебывают папины денюжки из сейфа
гггггггггггггггггг
ладно
не обижайте
стимочку
;)
да
придурок бля
)
;)))))))
SeXi_4uka, а ты ваще иди нахуй отсюдда педик ебаный
ггггггггггг
;)))))))
лимита ебучпя
;)
оригами на вас не хватает
;)
он бы тебя стим и флеша отпорол бы в попку
))))
не глядя
ггг
он
)
SeXi_4uka
)))
;))))
ST1M, ладно не пизди
сам сосни хуйца
;)
ггг
лол
SeXi_4uka, урод, иди перекисью лучше волосы облей
;)
;)))
|LorD|, белые станут
;))
чтоб морем пахло
ггггггг
ST1M, рейтинг у тебя что надо
-12
))))
ыыы
;))))
гг
ггг
ST1M, ебанутый мудак
;)))
лол
Zub[work], жжошь)
))))))
nehochuha, меня опять обижают
;)
догадаешься кто?
гггг
флеш
;)
всё та же песня
гггг
да
)
и фантазирует
;)))
я ему отказала
он тут же оп снял
да пусть хоть акик ставит
;))))
наплевать вобще
)
не ври ты
;))
nehochuha, он тебя походу боица
гггг
))
тыж его собралась у памятника выебать
;)
гггг
лол
мои настройки
там внизу увидешь
г
да хз ехать или нет
))
мне впадлу на самом деле
я как представлю ехать столько, ну нах
ну а че
а почему вот в климовске?
почему не в москве?) а епта?
))))))
и че что основная масса оттуда?
че терь?)
))))))))
да лучше бы в кафешке посидели
а так на улице
как гопота
)))))))))
с ягуарами
ахах
)
buster, такое было вобще?
я вижу фотки только там где на улице были поинты
))))))
)))))))))))
для гаштета
в самый раз
))))))))))))))))
лол
))))))))
он подпездывает мне
)))))
а то ухажеров много и какие то уебища одни бля, ну есть пару нормальных
)))))))))))))))))))
ахахах
;)))
ну да
можешь пополнить
круг
)))))
а можешь выделиться
ахахах
гг
слева реал жестко
;)
в серединке она
;)
яб не сказала что она страшная
Zub, я вешу столько же
ггг
;))
PiOnErKa_never_sSleeps, ну покажи себя
тогда
;)
красотка
здесь все свои фейсы запечатлили
;))))))
ST1M_, тебя это не возбуждает?
;)
;))
да видели уже все
;))))
ну а ты очень горячий
мы сошлись
;))))))
ахахах
ну из говна можно сделать конфетку
;))))
если постораться
ы
а леди гага кстати транс
;)
у нее член есть
ыыы
угу
;)
да
она трансвестит
ыы
лол
))))
фу
)))))
проказник
))))
раскудахтались
;))))
я видос на ютубе видела
;)))
правда ссылку проебала
чела нет того кто скидывал
придет
я те скину
%)
ок

я забиваю ванну
;)))
там тоже можно спать
ггггггггг
аа
ну хуево тада ;)
Гг
ну тогда Кать, придется на тебя лечь
гггг
я всё равно маленькая, худенькая))
ок
)
забито))
))))))))
шшш
гггг
чо?
;)
ФУ
меня чуть не стошнило щас
))
marfa, а еще манная каша
ваще ад
;)
я ей давилась
в детстве
гггг
не ну овсяную я еще как то могу есть
;)
;)
гречку не особо люблю
)
не вкусная она какая то ;)
ггг
я раньше пирог шарлотку ненавидела
а щас обожаю
;)
ы
marfa, селедка ваще
фу бля
;)
селедка
;))
ггг
мы пришли
к выводу
)))
цветной это вобще жопа
)))
мы в самом центре живем
ахаха
;))
да походу там и живет
)
p1z_data, ты уже кончил от этого трека, что я тебе на стенку кинула?
;)
p1z_data, =Ь
я знала!
ггггг
ты его просрешь 
ггг
;))
p1z_data, могу еще покидать его треков
)
чтоб тебе доставить наилучшее удовольствие
)))))
;))))
зато удовлетвореный
;)))
ГГ
p1z_data, мне бы так, кончать от песен..
;)
я тебе завидую, о мой короь
л
;))))
;))))))))))))
p1z_data, научишь?
;)

под тупого косит
=ЬЬ
ггг
компостер!
;)))
с ноута дома
;))))
чота модели сеня нету
;))
я уже успела соскучиться
;))
)
или у тебя её нет?
MoDelka, че резко замолчала то?=)))
душная ты телка, скажу я тебе ;)
buster, какой кошмар ;))
бля тут одни уроды и пиздаболы сидят
;))))
buster, мы с тобой самые норм отсюда ;)
MoDelka, че есть? осталось спиздеть да принесть, номера говорю скажи своей машины, или стыдно бля?))) или её вобще нету?
buster, виду не подаешь значит
;)))))
прям как я
ахаха
ввиду не падаю
buster, давай сожгем всех?
;
)
ты обливаешь, я поджигаю
))))))))
мне вот даже жалко не будет, отвечаю))
лол
)
дегунино жеский район
;))
особенно восточное
ыы
да и западное далеко не уехало
ну нахуй
стим а ты че в алтуфьево живешь?
;)
а где?
;)
))))
хуево тебе
;)))
бедняшка
)))
ну да
да и в цао могут прирезать
)))))))
еще и убить
ы
;))))
ну да канег, идет так чел ему в голову с пистолета из машины, и хуяк машины нету в это же мгновение
ггггггг
а ты не репер?
;)
слушай свистни в хуй 

внатуре бесит
мразина ебучая
)
;))))
да в рот ебать её мнение
;))))
стим
а ты че её подстилка чтоли?
=))))
фу
;)
иди отсюда
ггг
заебись
;))
помню такого чела
ыыыыыыыыы
келке блять)
бля
так это же подруга
как её блять
ани какой то кароче
с петровско разумовской
у этой скандал
был ник еше
кошмарик
))))))
во блять!
)))
я мозг
ггг
да да)
там Аня её подруга сидела еще
)
ник Anechka был
во
;)
зуб
спрашивай у петровских
)
они её знать палюбе должны
зайли на канал #41
)
лол
))
сечем фишку
)
гггг
Zub, если я ща найду те её подругу вконтакте, дать те ссылочку?
гггг
Zub, кароч хз, не могу найти)) я прост как то случайно наткнулась.. если наткнусь еще, скажу))
а у мну в апреле
=Ь
раньше чем у тебя
гыгы
;)
ровно
;))
опять
;))))
я уже не удивляюсь
;)
это нормальное явление
;))))
особенно у ебанутых людей
;)))))))
понимаешь Кать
что бы получить стабильный, нужно ему дать
;))))))
ну так дерзай
ковбой мальборо
;))))
ггггг
базаришь
сто пудово
;)
оно не твое
;)
оно общее
дуралей
;)
твое только то что ты насрал
;))))
=))
арбатское
тогда уж
;))
ы
)))))))))))))
;))))))))))
да мне в рот ебать, твой нестабильный оп
подавись им
пугало
;)))))
говна и пара
)
и пошел нахуй
;))))
надо было тоже взять
;)
чо рот разинула
гггг
;)
затусим по черному
ггггггггггг
а че у нее?
;)
сходка?
гг
бирюлевские бля
;)
мудило ебаное я живу в ЦАО
а ты живешь В ЖОПЕ
пидрила!
;)))))
;)))
стим блять
съебись в щель
;))))))
вошь ебаная!
;))))
ахах
блять))))))
жирный скунс ушел
)))))
а мне стыдно за тебя
прилошоный
гей
;)
;)
охуевшая рожа
;)
)))))
да(
печально
да лан стим ты сам матом базаришь порой так что аж страшно блять)
и это будущий папа
хуйло
;)
так что не пизди ка там сиди!
петушило бля
;)
•(15:09:08)• <misskittenда лан стим ты сам матом базаришь порой так что аж страшно блять)
;)
)))
ага не разу не слышал ты похлеще меня слова знаешь
))))))))))
;)))
лол
подло
;))))
сидит оправдывается бля
•(22:39:45)• <misskittenсидит оправдывается бля
бля ну и кинет он фотки че изменится?
ЧЕ ИЗМЕНИТСЯ А БЛЯ?
ой
капс нечайно
)))))
ахах
не ну а че изменится то бля если он фотку Даши кинет
любить чтоли тя все станут?
ты уже себя так поставила нахуй
)))
;))))
поддакивалочка ты моя
)))))
)))))
флэш
ты как всегда в пролете
;)))))))))))
как муха в самолете
ахахах
;))
кто влияет?
;)
стимчик?
ыыы
_^flash^-, да лан я пошутила
;)
не надо всё так близко к сердцу воспринимать
))
пришел 
))))
басти
солнышко
ахахах
позвали
;)))
дед пихто
;)))
))))))))
Zub, да есть тут люди
)
)))))
ыгыгы
))))))
я сама пришла
;)))
)))))))))
[22:47:48] <@ST1M_люберецкая
завтра туда кокраз собираюсь

очень страшное
;)
нет, страшное
;)
гг
он просто скоро сгорит
)
поэтому пусть гонит
;)))
всё равно ему гореть там
)
в рот
;)))
ахах
так их
пидорасов ванючих
;)
бля была бы моя воля
перестреляла бы всех
;))))
вот не жалко реально было бы
)
да пошел ты нахуй
петух ебаный
)
=)))))
лол
ST1M, нет милый)
да ты не доедешь
))
он активный педик
=)
кучка мудазвонов блять
уродов
сраных
;))))
понял?
петушара
гггг
mr_Shadow, ясен хуй
;)
не люблю когда гонят на тех кто слабже их
;)
отсосите ХУЙ у дохлой обезьяны
;)
пидорасы
;)))
лол
;)))))
да
пупкин бы меня щас поддержал
;)))
;)
Only, сикалка ты ебаная
;)
=)))
ладно идите нахуй
утомилась я чето
;)
;))
там дом2 начался
;)
бля такие шутки были оригинальны лет 5 назад
а щас сосните хуйца
;)
;))
mr_Shadow, да лан чоты
пусть))
слюной захлебнуца
шакалы ебаные
;))))
;)
пивка бы щас
в магазин идти неохота
))
)
ну или подрачи да
;)
как хочешь))
MoDelka, съела? тупая пизда
;)
;))
ахах
ORIGAMI, а ты чо ржошь
)
ты плакать должен
;))
vaFLya, походу
)
репер?
ггггг
ахаха
;))
MoDelka, говорят у тя брат репер 
))))
ковровский реп зачитывает
;)
ковровати
;))
пледовск блять
;;)
лол
))
;))
а кто епта?
ты видел фотку 
гггг
это баба-мужик
;))))
тебя он возбуждает чтоли?
;)
вроде?
;))
ггг
и че?)
теперь не банить тех кого знаешь ты?
)
слишком много берешь на себя
;)
расслабься)
)
да да шипилявая
;)))
только успокойся, мразина
;)
;)
мне похуй на нее
;)
))
да в рот её ебать
чувырла ебаная
;)
модель
;))
за палаткой ашотовской
))))
vaFLya, я те говорю за палаткой ашота её хуярют
;)
ну
;)
;)
подлизывает чутка
;
)
вы всё пиздите
=))
ггггг
я смотрю тут жарко было
пупкин прячеца за хамчика
гггггггг
хули он сделает
=)
))
да лан те
он просто пьян
=))
жор
ты скоро ебнешься
=)
;))
припух совсем
)
=))
))))))
Жень
здарова прилошоный
;)))
да
=Ь
лол
0))
ахах
ну у меня тут прям фанаты
)
этж на всю жизнь блиа
;)
=))
мда.. ;_
)
сам пошутил, сам посмеялся
;)
как же вас еще не прибили там
=)
в темном углу ;))
а почему нет?)
вы же говорите грозный район у вас там
хули тогда и вас должны уже за жопу взять
;))))))
вот вот
)
;)
мне там делать нечего ;)
;)
ну если тебе надо, приезжай сам
;)
мне просто не надо как бэ ;))
ехать куда-то)
папаня у меня добрый
;)
нехер пиздить!
;))
;)))
описываешь
))))
да да
;)))
=))))))))))
конечно
;)
)а кубик с фриком походу её поебывают
;))))))))))))))
слеганцухи
ыыыы
;))
ахахаха
на большее она и не способна
;))))
лол
поэтому кубик?
;)))))))))))))))))))
;))))
угу
культура так и прет
;))))))
))))))))))
мы тебя тоже ебали
;)
))))
в попку
)))))))
ахахаха
хорошо малыш
;)))))
ок
)
только мне доверишь свою попочку?
;)))))))))))
заебца
;))))))
)))))))))
отныне попкой стима влавствую я
))))))))))))))))
ахахахахах
;)))))))))
внатуре
;)
да ладно весело и хуй с ним
=)
да
))))
СУКА, шевели задом!
;))))))
))))
;)
конечно
милый
=))))
жду блять, жду ;)
=Ь
вместе навсегда
ахаха)
;))))))))
Pupkin, да лан хорош)
ау?)
)))
стим ты меня
;)))
что?
;))
=)))
ты видешь я тебя раздеваю своим взглядом
СУКА ШЕВЕЛИ ЗАДОМ
=)))))))))
чето меня прет
не хуево
;)
на всю квартиру ебашит
соседям привет
ахахаха
)))
слышу
завтра смогу сказать точно)
угу
я тоже удивилась
;)
))))))
))))))
пуп, успокойся
)))
лол
Only, подъеду бля
вы там долго будете?
;)
че торопись
я не успею один хуй
;)
час чета маловато;Ь
ага
);)
))
давай с нами
пизда
;)
хуево тебе
;)))
;)
дома?
))
)
а че зайти то можно?
;)
;)
сцуко
в одно жало!
))
это точно ;Ь
p1z_data, куда?)
ну
а если в медведях будет?
;)
поедешь?
)))
;))))))
ах ты мой сладкий
)))))
в этот раз я точно приеду
ради тебя
)))))
;))))
p1z_data, зажжом этогнилое место =ЬЬ
ггггг
))))))))))
на меня?
;ЬЬ
нгггг
ну и на меня
естественно
;)))
за компанию
;Ь
девушек нужно угощать!
))))))
ыы
;))))))))
да яж шучу
ясен хуй я сама себе куплю
;)
еще буду кого то просить чтоб мне купили
гггг
всё свое ношу с собой ;)
p1z_data, так что не ссы
;Ь
Only, давай не подпездывай там
;))
опель астра пиздатая!
;)
и мне срать на ваше ванючее мнение
гггггг
;))
да
все спускаемся в метро
ггг
как это нет музыки
плеер в уши
и вперед
)))
угу
;)))
в соседа
вжимает
нормально
;)))))
вы все упоролись
;)
где ты где ты милый мой
)))))
потеряла силы я
ахаха
где ты где ты милая
потерял все силы я
ахаха
спасибо
)))))))
но только после тебЯ
ыы
микантара
)
лол
васец
хорош
)
buster, васец
))))
ахахах
^flash^, спасибо любимый
)))))
мне кажется вы все упоролись
))))))
лол
прилошоный васец
))))))
лол
))
сколько ненависти
))))
файтинг нахуй
=)
педики упоротые
)
иди нахуй
ыыыыы
))))))))
курва
ыы
)))))
упоротое
))))
)))))))))))
упоротые мудаки
;))))
аъахаах
)))
а я ему попку выпорю
;)))))
будет ядренно малинового цвета
))))))))))))))))))))))))))
мхахаха
)))))
точняк))
мы тебе джинсы обрежем на жопе
)))))
ахахахах
БЛЯ не могу сука))))))))))))
;))
оо
это ко мне
))))))))))
ггггг
да
!
))
в грязи!
сцуко
;)))
Кать, а он мя видел?
;)
онли
=Ь
))))))
гг
Only, че, добавишься в друзья то?
;)
почему?;
))
ок
=)
а да
Кать
ты обещала
фотку его кинуть мне
))))
ну бля(
ты обещала
;)
ггг
=))))))
nehochuha, ну че, как там дела с фоткой обстаят?))
хватит читать
%)
=))))))))
да мне тоже кто то скидывал логи 04 года вобще
)))))))))))
я чуть не абассалась
в приват Кать
кидай
)))
бот кикнет всё равно))
ыы
а вчера у меня был 30см
)
зубты мне тут чето про культуру втирал
)))
а сам гонишь на всех
сцуко
=)
да конечно
ты на малинку гонишь еще
=)
это да
соглашусь
=))))
ЗАЕБУстер
=)
а че сразу идите
я вобще то защщала тебя
вот так бля
делаешь людям добро
а они пидорасы
охуевают совсеп
=)
п-м
malinka, угу
лол
Жень
у тебя развдоение личности
;)))
zaebuster, лол это кубик говорил
;)))
zaebuster, лол
это раньше мое выражение было
;)))))
а мне хочется въебать кому нибудь
=)))
слеганцухи
))))))
))))))))))))
вот и подеремся
в субботу
))))))
ыы
ахахах
;)))
а я вот тоде думаю
ехать нет
)
почему у меня нету машины бля
;)
че за нэйшнлкабленет?
)
nationalcablenetworks.ru
эт не корбина?
;)
)
мдэ
;)
))))
гг
флэш ин зе найт
))))))))))
)))))))))
nehochuha, берегись, пупкин разозлился
ахах)
ыы
а где у нас такой индекс
127083
?)
разве такой в москве есть?
;))
заебали вы с гуглом своим)
127083	г Москва, ул 8 Марта, ахах вот адрес модели
))
ул 8 марта бля
я не туплю)
))
каеш не знала
нахуй мне знать где находится офис билайна?
;)
даа через билайн хер узнаешь где она живет
;)
чем я выпендриваюсь?
зуб иди на хуй
;)
ты строишь из себя пиздатого парня, а на деле ты просто лох )
ага
лошок пидальный ;))
тебя даже твоя машина с деньгами с такой рожей не спасут ;)
приукрасил так всё, авторитетные
ахаха
в отличии от тебя я ничем не понтуюсь))
ох где то я это слышала
про обиженную женщину
;))))))
как вы банальны все ;)
пооригинальней пора бы че нить сказать ;)
это было адресованно не мне ;)
так что.. ;))
а что разве оригинальность заслуживают?
;)))))))
ахаха
такую ты жесть несешь 
;)
я от тебя вобще ничего не требую)
[17:16:30] <misskittenпооригинальней пора бы че нить сказать ;)
)))))))))))))
а это тебе было адресованно то?
где там твой ник?
)
ты на себя много то не бери
;)
вообще всем, раз я написала что уже где то слышала это, значит от людей правильно ведь))
от множество людей
;)
)))))
неа))
да(
в твоих уроках я не нуждаюсь, понторезов
)))
чо ты ко всему придираешься то?)
тебе заняться нечем? сиди работай епта )
руби капусту
))))
а не со мной тут диалоги веди, толку всё равно 0
))))))0
ахахаха
а если я тебя назову мудаком?
то что дальше то?
схуяли я тебе должна что-то объяснять?)
у нас демократия в стране
что хочу то и говорю
и объяснять я тебе ничего не собираюсь ;))
ничего это не показывает
;)))
ты вот не понимаешь реально что мне наплевать на тебя, на всё то, что ты тут пишешь?)
)))))))))))))))))))))))))))))))))))))))))
аааааааааааааааааа))))
я не могуууу))
как же это убого, делать выводы как человек общается в интернете ;)
да да, всё ты меня убил своим интеллектом, своим МОЗГОМ)))))
ты счастлив?)
=))
иди в психологи
;)
слушай
раз ты такой весь умный, хороший скромный парень, че ты здесь делаешь?)
;)
от чего?
))
Zub[work], от чего отдыхаешь то? разве сидя за компом люди отдыхают?
лол
я тебе нормальные вопросы совершенно задаю ;)
и не с сарказмом или подъебом каким то, как ты думаешь ;)
ололо =)
это сильно конечно ;)
_^flash^-
кошмар
как же дальше жить, с неоригинальностью то))
угу
buster, ыыы приход от пивка
;)
хули выходной
)))
у меня музыка на всю хуячит
))))))
упоротая
ыыы
царь всея руси проснулся
))))
царь всея прилошонного проснулся
;)))))))))))
но
))))))))))))
)))))))))))))
базарю
;)
слегка
лол
)))))
базара 0
))))
хоть на прилошоноской
;)))))))))
пиздец слово
;)))))))))))
ахахахах
)))))))))))))))))
бля харош парни)))))))))))
ахахах
я его научу Жень
;)))))))
уму разуму
ыыы
))))))
стим ты конечно мудак, но слегка прилошоный
)
))))))))))))))))))))
слеганцухи
прилошоный
)
и слеганца
прилошила
ахахахах
[20:26:21] <@misskittenи слеганца
[20:26:23] <@misskittenприлошила
[20:26:24] <@misskittenахахахах
))))
ыы
в теме
;)))
а ты конченый мудак
;)))
мудофел
;)))))))
[20:27:13] <@misskittenмудофел
[20:27:13] <ST1Mсозданный
ахахахах
иф ю ворк ер пусси бейби
овца
;)
только банить и сосать умеет
больше не на что не годна
;)))))
)))))))
чему?)
в каком месте?;)
ты там был чтоли?
;)))
во всех
)))))
угу)
я вобще никого не баню
)))
потому что мне похуй
;)
а дешевые шалавы зляца
;)))))
шлюшка попка твоя
дорогой
;))))
))))
а у нее мозгов только на это и хватает
=))))
угу)
стеб блядь)))))))))))))))))))))
да да))
только успокойся, животное
;)))
;)))
да чтож ты приебался ко мне
ебаный придурок
)
MoDelka, сосни хуйца, животное
;)
))
самая тупая ты тут
;)
buster, ущерб
;)))
ахах
нас задавили жестким стебом
)))))))))))))))
)))))))))
флэш я твоя самая больная фантазия
;)
когда же ты уже отъебешься нахуй
как банный лист к заднице
;)
надо было ник себе взять Васяня
и тогда хуй бы кто приебался
;)))))
олька нормальная
чо вы её баните
;)
а чо вектор хуйню несет
;)
даш и т.д
;))
ваще он мне тоже не нравится
борзый какой-то
ей
да
[16:54:36] <wectoranastezia даш ? 
)
да снят уже
;)
)))
володя
;)
мудила сраная
;)
и бот твой ебливый
)
ну видишь он снял оп
;))
Zub[work], говно ебучее давай на место ставь оп, не ты ставил не тебе убирать лох сраный
;)
вот вот)
Zub[work], да ты зассышь
сикалка гребаная
;)
лошком и помрешь ;Ь
после кого?
ыы
[18:26:14] <@Zub[work]от чего или кого?
[18:26:15] <@ST1Mне обсуждает
[18:26:18] <@misskittenпосле кого?
))))
ST1M, давай встретимся, че
;)))))
резко?
;)
ох господи..
)))))
что за парни пошли)
))
ггг
ST1M, а ты то норм долбишься тО?
;)))
а то малоли, может мы не сойдемся
))))))
ахаха
)))))))))
;Ь
0о
флэш
а тебе то сколько?
;)
лет под 30?
;)))
buster, сваха прилошоная
;)
;)))))
я любя васец
;)
ты же знаешь
;)))
василий)
)))
ST1M, я хочу что бы ты приударил
;)
за мной
;)))
ST1M, не пизди ка ;)
ST1M, лох
))
на себя посмотри)))) со своим "прилошоный"
))))))
и чего?)
ахаха
цыц василий
;)
buster, да заебись всё)
buster, с твоим другом встречусь скоро
;Ь
да я тож жду
)
Zamir, не терпится
)
Zamir, а эта сучка даша черных
ваще уже охуела
)
с феофилактовой
чувырлой
этой
)))
губошлепка
;))
да вернеца он, палюбому
щас погуляет
))))
а не
в эфире вчера говорили что он улетает в владивосток к себе
типа там побудет пока что
)
не, с ним кто-то разговаривал вчера
)
воловичева?
гггг
да
))))))))
nehochuha, у него спина волосатая
ггггггг
как у бабуина
;)))
эй по ту сторону экрана ты куришь?
))))))))))))))))
а зачем ты ведь свое здоровье губишь
ггггг
сука)))
парняга
;))
никотину нет и всё будет ХАРАШОУУУ
)))))
аахахахахахахахах
будь сильным мы здоровая нация
прими участие в нашей акции
;)
канеш
он её поебет немного
и досвидос
;)
угу
надя ваще стремная ужас
уже не ебут
ггг
эта соседка там идет
2 мин осталось сучка
))
ну 2 мин погоди
)
)))))))
а бушина реал утконос
)
она кста беременна сучка
;)
)))
варвина русская
;))
хориков ваще ад
;)
ахахахахах видел как он её из машины вытащил?
;))))))
кто?
гобозов чтоли?
или черкасов?
;)
ыы
;)))
угу
гггг
выпросила
гггггггггг
;)
Кать
одинакого думаем
гггг
_buster-, рот её
;)
ггг
прально нахуй
;)
убей её
ггг
лол
)
)))
))
опять жестите
buster, она тя уродом обозвала(
нука сожги её
))))))
))
лол
помоему ненависти дохуя во мне
)))))))))))))
я тут каждый день на кого то гоню по жесткому
гг
О_О
slimak, с чего ты взял что у меня ненависть к себе самой?
нука психолог
;)))
Zamir, лучше ты его себе укороти, ара блять)
марфушенька душенька
;)))
Zamir, иди на хуй
)
чурбан блять
хуй на
;)
будешь
хуеплет
;)
мне пох че ты сказал
)
что я?
;)
я вот, а ты че?
;)
ты в рот хочешь?
;)
buster, оформи ему
)
угу
еще скажи брат бля
))
пошел нахуй
;)
очень
;)
боишься?
;)
полюбому)
у него и скорость то небольше 100
)
риску))
кто умеет водить тому не страшно конечно ;)
а че за трасса?
;)
обычно все на кивском шоссе гоняются
;Ь
+е
чота я посмотрела на акцент
какое то г..
)
думала получше
но чота ваще жесть
;)
мне чисто салон не понравился ;)
;)))
так то она может норм
но салон мне стопудово не нравится
))))
чуха!
;)))
nehochuha, ну че ты орешь то
=)
buster, это ты ошибься получается
;)
тут я
)
ну
)))
ахаха
;))
buster, че те прям так интересно то?
)
второго хочешь?
=ЬЬ
ыы
=))
он завидует
;)
а ты не оправдывайся
;))
зуб завидует
у него даже девушки нет, о чем может быть разговор
;)
;))))))
buster, тут не соглашусь)
девушке можно вобще до 30 рожать
;)
а после 30 вот там посложнее
уже
;)
;))
дом2
=))))
сериалы не сматрю
=)
)))))))
витя бросил катю
крутилину
;))))))
buster, угу
а черный маг
советует ей сидит
)))))
ахах
buster, ты реал смотришь?)
buster, да
)
)))
да
;)))
чмоке
)))
ггг
лол
мудила ты онли
ватная!
ггггг
конечно
он бы тебя отхуярил
по самое небалуйся
)))
мыж мясо!
гггг
эт ты мелкий
тебе всеголишь 18
а мне 20
сцуко
)))
как тебя еще в кружку впустили
наф мне такой.. а ему же 17?..
я говорю ему 18 додик
гггг
угу;)
p1z_data, пупсик чмоки
;)))
жалко тебя не было
ыы
ух я бы его
ггггг
))))
в носки?
ггггггггггггггггггггггггггггггггггггггггггггггггггггггггггггггггггг
бля)))))
Кать жжошь
ёба
)))))
эт ты пьянь, уснул около подоконника
гггг
угу
;)
я фотку видела))
угу
))
всё мы видели
мне марфа такая ну всё пиздец я с тобой не общаюсь
ггггггггг
не не она так написала
"всё, я тебя ненавижу)))))) (с) Марфа"
)))))))))))))))))
она мне 
отослала в 19 47
ггг
0)
))))))
мы сами приедем
гггг
Only, 100%)
))))
ебу лисиц
таких как ты
гггг
страпоном блять!
)))))
тебе же понравилось, малыш
гггггг
вот и не выебывайся! напился пива теперь пиздит!
гггг
ебать в рот!
)
красногорск!
))))
выебу
сученька
)))))
это я тебя уничтожку
козленочек
)))))))))))))))
уничтожу
тебя
)))
во все места
))))
да детка
;)
тебе дать хуйца?
)
как наф сказал что у меня есть хуй
))))))
можешь губками к нему прильнуть
ггггг
не под 40-кет же
;)
а мне всеголишь 20-ть
;))))))
самый сок
;)ыыыы
угу)
че давать?
;Ь
;))
я не изменяю!
;Ь
угу)
я не вижу смысла как бы
)
ахаха
сказки всё это
=)
Zamir, где я тебя лечу?
;)))
))))))))))))))))))))))))))))))
чем?
;))))
Zamir, =Ь
так быстро?
;))))))
Zamir, ;))))
)))
Zamir, и давно женился?
;)))
))
Zamir, )))))))))))))))
чо мне жалеть то
;)
я тебя еще не видела
)
планов никаких на тебя не имею, интерес не более
;)))
Zamir, яяя? совращать? я и слово совращать вместе не совместимы
;))))))
нахуй
чиллу
)
просто нахуй
если она поедет
я не поеду)
;)
игорян бля
;))))
))))))))))
marfa, 80%
)
у меня просто днем кое какие дела
а там посмотрим
;)
по ходу дела
=)
ты мне свой тел
в личку
оставь
;)
в каком слове посмеятся Антош?
;)))
ггг
кто?
;))
замир?
гггг
;))
не ну я бы взяла пиздата
;)
nehochuha, а чо почему бы и нет
;)
гггг
)))))))
лол
пошляк
старый
;)))
ахахах
